[0114/154714.770:ERROR:directory_reader_win.cc(43)] FindFirstFile: Системе не удается найти указанный путь. (0x3)
[0114/163718.784:ERROR:directory_reader_win.cc(43)] FindFirstFile: Системе не удается найти указанный путь. (0x3)
[0114/174306.362:ERROR:process_memory_win.cc(73)] ReadMemory at 0x1b748a3e520 of 72 bytes failed: Запрос ReadProcessMemory или WriteProcessMemory был выполнен только частично. (0x12B)
[0114/174306.362:WARNING:pe_image_annotations_reader.cc(135)] could not read annotations list object in C:\Program Files (x86)\Google\Chrome\Application\87.0.4280.141\chrome_elf.dll
[0114/174306.362:ERROR:process_memory_win.cc(73)] ReadMemory at 0x1b748a77610 of 72 bytes failed: Запрос ReadProcessMemory или WriteProcessMemory был выполнен только частично. (0x12B)
[0114/174306.362:WARNING:pe_image_annotations_reader.cc(135)] could not read annotations list object in C:\Program Files (x86)\Google\Chrome\Application\87.0.4280.141\chrome.dll
[0114/174306.370:ERROR:process_memory_win.cc(73)] ReadMemory at 0x1b748a3e520 of 72 bytes failed: Запрос ReadProcessMemory или WriteProcessMemory был выполнен только частично. (0x12B)
[0114/174306.370:WARNING:pe_image_annotations_reader.cc(135)] could not read annotations list object in C:\Program Files (x86)\Google\Chrome\Application\87.0.4280.141\chrome_elf.dll
[0114/174306.370:ERROR:process_memory_win.cc(73)] ReadMemory at 0x1b748a77610 of 72 bytes failed: Запрос ReadProcessMemory или WriteProcessMemory был выполнен только частично. (0x12B)
[0114/174306.370:WARNING:pe_image_annotations_reader.cc(135)] could not read annotations list object in C:\Program Files (x86)\Google\Chrome\Application\87.0.4280.141\chrome.dll
[0114/174306.370:ERROR:process_memory_win.cc(73)] ReadMemory at 0x1b748a3e520 of 72 bytes failed: Запрос ReadProcessMemory или WriteProcessMemory был выполнен только частично. (0x12B)
[0114/174306.370:WARNING:pe_image_annotations_reader.cc(135)] could not read annotations list object in C:\Program Files (x86)\Google\Chrome\Application\87.0.4280.141\chrome_elf.dll
[0114/174306.370:ERROR:process_memory_win.cc(73)] ReadMemory at 0x1b748a77610 of 72 bytes failed: Запрос ReadProcessMemory или WriteProcessMemory был выполнен только частично. (0x12B)
[0114/174306.370:WARNING:pe_image_annotations_reader.cc(135)] could not read annotations list object in C:\Program Files (x86)\Google\Chrome\Application\87.0.4280.141\chrome.dll
[0114/174306.378:ERROR:process_memory_win.cc(73)] ReadMemory at 0xb4fade0000 of 131072 bytes failed: Запрос ReadProcessMemory или WriteProcessMemory был выполнен только частично. (0x12B)
[0114/174306.378:ERROR:process_memory_win.cc(73)] ReadMemory at 0xb4fb5fe000 of 8192 bytes failed: Запрос ReadProcessMemory или WriteProcessMemory был выполнен только частично. (0x12B)
[0114/174306.378:ERROR:process_memory_win.cc(73)] ReadMemory at 0xb4fbdf6000 of 40960 bytes failed: Запрос ReadProcessMemory или WriteProcessMemory был выполнен только частично. (0x12B)
[0114/174306.378:ERROR:process_memory_win.cc(73)] ReadMemory at 0xb4fc5fe000 of 8192 bytes failed: Запрос ReadProcessMemory или WriteProcessMemory был выполнен только частично. (0x12B)
[0114/174306.378:ERROR:process_memory_win.cc(73)] ReadMemory at 0xb4fcdfd000 of 12288 bytes failed: Запрос ReadProcessMemory или WriteProcessMemory был выполнен только частично. (0x12B)
[0114/174306.378:ERROR:process_memory_win.cc(73)] ReadMemory at 0xb4fd5f5000 of 45056 bytes failed: Запрос ReadProcessMemory или WriteProcessMemory был выполнен только частично. (0x12B)
[0114/174306.378:ERROR:process_memory_win.cc(73)] ReadMemory at 0xb4fddfe000 of 8192 bytes failed: Запрос ReadProcessMemory или WriteProcessMemory был выполнен только частично. (0x12B)
[0114/174306.378:ERROR:process_memory_win.cc(73)] ReadMemory at 0xb4fe5fe000 of 8192 bytes failed: Запрос ReadProcessMemory или WriteProcessMemory был выполнен только частично. (0x12B)
[0114/174306.378:ERROR:process_memory_win.cc(73)] ReadMemory at 0xb4fedfc000 of 16384 bytes failed: Запрос ReadProcessMemory или WriteProcessMemory был выполнен только частично. (0x12B)
[0114/174306.378:ERROR:process_memory_win.cc(73)] ReadMemory at 0xb4ff5fe000 of 8192 bytes failed: Запрос ReadProcessMemory или WriteProcessMemory был выполнен только частично. (0x12B)
[0114/174306.378:ERROR:process_memory_win.cc(73)] ReadMemory at 0xb4ffdfc000 of 16384 bytes failed: Запрос ReadProcessMemory или WriteProcessMemory был выполнен только частично. (0x12B)
[0114/174306.378:ERROR:process_memory_win.cc(73)] ReadMemory at 0xb4807fc000 of 16384 bytes failed: Запрос ReadProcessMemory или WriteProcessMemory был выполнен только частично. (0x12B)
[0114/174306.378:ERROR:process_memory_win.cc(73)] ReadMemory at 0xb480ffc000 of 16384 bytes failed: Запрос ReadProcessMemory или WriteProcessMemory был выполнен только частично. (0x12B)
[0114/174306.378:ERROR:process_memory_win.cc(73)] ReadMemory at 0xb4817fd000 of 12288 bytes failed: Запрос ReadProcessMemory или WriteProcessMemory был выполнен только частично. (0x12B)
[0114/174306.378:ERROR:process_memory_win.cc(73)] ReadMemory at 0xb481ff6000 of 40960 bytes failed: Запрос ReadProcessMemory или WriteProcessMemory был выполнен только частично. (0x12B)
[0114/174306.378:ERROR:process_memory_win.cc(73)] ReadMemory at 0xb4827fe000 of 8192 bytes failed: Запрос ReadProcessMemory или WriteProcessMemory был выполнен только частично. (0x12B)
[0114/174306.378:ERROR:process_memory_win.cc(73)] ReadMemory at 0xb4fa56b000 of 852 bytes failed: Запрос ReadProcessMemory или WriteProcessMemory был выполнен только частично. (0x12B)
[0114/174306.378:ERROR:process_memory_win.cc(73)] ReadMemory at 0xb4fa56c000 of 6024 bytes failed: Запрос ReadProcessMemory или WriteProcessMemory был выполнен только частично. (0x12B)
[0114/174306.378:ERROR:process_memory_win.cc(73)] ReadMemory at 0xb4fa56e000 of 6024 bytes failed: Запрос ReadProcessMemory или WriteProcessMemory был выполнен только частично. (0x12B)
[0114/174306.378:ERROR:process_memory_win.cc(73)] ReadMemory at 0xb4fa570000 of 6024 bytes failed: Запрос ReadProcessMemory или WriteProcessMemory был выполнен только частично. (0x12B)
[0114/174306.378:ERROR:process_memory_win.cc(73)] ReadMemory at 0xb4fa572000 of 6024 bytes failed: Запрос ReadProcessMemory или WriteProcessMemory был выполнен только частично. (0x12B)
[0114/174306.378:ERROR:process_memory_win.cc(73)] ReadMemory at 0xb4fa574000 of 6024 bytes failed: Запрос ReadProcessMemory или WriteProcessMemory был выполнен только частично. (0x12B)
[0114/174306.378:ERROR:process_memory_win.cc(73)] ReadMemory at 0xb4fa576000 of 6024 bytes failed: Запрос ReadProcessMemory или WriteProcessMemory был выполнен только частично. (0x12B)
[0114/174306.378:ERROR:process_memory_win.cc(73)] ReadMemory at 0xb4fa578000 of 6024 bytes failed: Запрос ReadProcessMemory или WriteProcessMemory был выполнен только частично. (0x12B)
[0114/174306.378:ERROR:process_memory_win.cc(73)] ReadMemory at 0xb4fa57a000 of 6024 bytes failed: Запрос ReadProcessMemory или WriteProcessMemory был выполнен только частично. (0x12B)
[0114/174306.378:ERROR:process_memory_win.cc(73)] ReadMemory at 0xb4fa57c000 of 6024 bytes failed: Запрос ReadProcessMemory или WriteProcessMemory был выполнен только частично. (0x12B)
[0114/174306.378:ERROR:process_memory_win.cc(73)] ReadMemory at 0xb4fa57e000 of 6024 bytes failed: Запрос ReadProcessMemory или WriteProcessMemory был выполнен только частично. (0x12B)
[0114/174306.378:ERROR:process_memory_win.cc(73)] ReadMemory at 0xb4fa580000 of 6024 bytes failed: Запрос ReadProcessMemory или WriteProcessMemory был выполнен только частично. (0x12B)
[0114/174306.378:ERROR:process_memory_win.cc(73)] ReadMemory at 0xb4fa582000 of 6024 bytes failed: Запрос ReadProcessMemory или WriteProcessMemory был выполнен только частично. (0x12B)
[0114/174306.378:ERROR:process_memory_win.cc(73)] ReadMemory at 0xb4fa584000 of 6024 bytes failed: Запрос ReadProcessMemory или WriteProcessMemory был выполнен только частично. (0x12B)
[0114/174306.378:ERROR:process_memory_win.cc(73)] ReadMemory at 0xb4fa586000 of 6024 bytes failed: Запрос ReadProcessMemory или WriteProcessMemory был выполнен только частично. (0x12B)
[0114/174306.378:ERROR:process_memory_win.cc(73)] ReadMemory at 0xb4fa588000 of 6024 bytes failed: Запрос ReadProcessMemory или WriteProcessMemory был выполнен только частично. (0x12B)
[0114/174306.378:ERROR:process_memory_win.cc(73)] ReadMemory at 0xb4fa58a000 of 6024 bytes failed: Запрос ReadProcessMemory или WriteProcessMemory был выполнен только частично. (0x12B)
[0114/174306.378:ERROR:process_memory_win.cc(73)] ReadMemory at 0x1b748a11000 of 512 bytes failed: Запрос ReadProcessMemory или WriteProcessMemory был выполнен только частично. (0x12B)
[0114/174306.378:ERROR:process_memory_win.cc(73)] ReadMemory at 0x1b748a30fe0 of 5294 bytes failed: Запрос ReadProcessMemory или WriteProcessMemory был выполнен только частично. (0x12B)
[0114/174306.378:ERROR:process_memory_win.cc(73)] ReadMemory at 0x1b748a324a0 of 1012 bytes failed: Запрос ReadProcessMemory или WriteProcessMemory был выполнен только частично. (0x12B)
[0114/174306.378:ERROR:process_memory_win.cc(73)] ReadMemory at 0x1b748a32ae8 of 118 bytes failed: Запрос ReadProcessMemory или WriteProcessMemory был выполнен только частично. (0x12B)
[0114/174306.378:ERROR:process_memory_win.cc(73)] ReadMemory at 0x1b748a32b60 of 708 bytes failed: Запрос ReadProcessMemory или WriteProcessMemory был выполнен только частично. (0x12B)
[0114/174306.378:ERROR:process_memory_win.cc(73)] ReadMemory at 0x1b748a32e26 of 118 bytes failed: Запрос ReadProcessMemory или WriteProcessMemory был выполнен только частично. (0x12B)
[0114/174306.378:ERROR:process_memory_win.cc(73)] ReadMemory at 0x1b748a32e9e of 96 bytes failed: Запрос ReadProcessMemory или WriteProcessMemory был выполнен только частично. (0x12B)
[0114/174306.378:ERROR:process_memory_win.cc(73)] ReadMemory at 0x1b748a32f10 of 58 bytes failed: Запрос ReadProcessMemory или WriteProcessMemory был выполнен только частично. (0x12B)
[0114/174306.378:ERROR:process_memory_win.cc(73)] ReadMemory at 0x1b748a33010 of 132 bytes failed: Запрос ReadProcessMemory или WriteProcessMemory был выполнен только частично. (0x12B)
[0114/174306.378:ERROR:process_memory_win.cc(73)] ReadMemory at 0x1b748a331a0 of 132 bytes failed: Запрос ReadProcessMemory или WriteProcessMemory был выполнен только частично. (0x12B)
[0114/174306.378:ERROR:process_memory_win.cc(73)] ReadMemory at 0x1b748a33360 of 126 bytes failed: Запрос ReadProcessMemory или WriteProcessMemory был выполнен только частично. (0x12B)
[0114/174306.378:ERROR:process_memory_win.cc(73)] ReadMemory at 0x1b748a33860 of 132 bytes failed: Запрос ReadProcessMemory или WriteProcessMemory был выполнен только частично. (0x12B)
[0114/174306.378:ERROR:process_memory_win.cc(73)] ReadMemory at 0x1b748a339f0 of 64 bytes failed: Запрос ReadProcessMemory или WriteProcessMemory был выполнен только частично. (0x12B)
[0114/174306.378:ERROR:process_memory_win.cc(73)] ReadMemory at 0x1b748a33bb0 of 132 bytes failed: Запрос ReadProcessMemory или WriteProcessMemory был выполнен только частично. (0x12B)
[0114/174306.378:ERROR:process_memory_win.cc(73)] ReadMemory at 0x1b748a33e50 of 132 bytes failed: Запрос ReadProcessMemory или WriteProcessMemory был выполнен только частично. (0x12B)
[0114/174306.378:ERROR:process_memory_win.cc(73)] ReadMemory at 0x1b748a33fe0 of 68 bytes failed: Запрос ReadProcessMemory или WriteProcessMemory был выполнен только частично. (0x12B)
[0114/174306.378:ERROR:process_memory_win.cc(73)] ReadMemory at 0x1b748a350b0 of 132 bytes failed: Запрос ReadProcessMemory или WriteProcessMemory был выполнен только частично. (0x12B)
[0114/174306.378:ERROR:process_memory_win.cc(73)] ReadMemory at 0x1b748a35240 of 154 bytes failed: Запрос ReadProcessMemory или WriteProcessMemory был выполнен только частично. (0x12B)
[0114/174306.378:ERROR:process_memory_win.cc(73)] ReadMemory at 0x1b748a35f30 of 60 bytes failed: Запрос ReadProcessMemory или WriteProcessMemory был выполнен только частично. (0x12B)
[0114/174306.378:ERROR:process_memory_win.cc(73)] ReadMemory at 0x1b748a36d20 of 62 bytes failed: Запрос ReadProcessMemory или WriteProcessMemory был выполнен только частично. (0x12B)
[0114/174306.378:ERROR:process_memory_win.cc(73)] ReadMemory at 0x1b748a36e80 of 132 bytes failed: Запрос ReadProcessMemory или WriteProcessMemory был выполнен только частично. (0x12B)
[0114/174306.378:ERROR:process_memory_win.cc(73)] ReadMemory at 0x1b748a3e480 of 64 bytes failed: Запрос ReadProcessMemory или WriteProcessMemory был выполнен только частично. (0x12B)
[0114/174306.378:ERROR:process_memory_win.cc(73)] ReadMemory at 0x1b748a3e4d0 of 62 bytes failed: Запрос ReadProcessMemory или WriteProcessMemory был выполнен только частично. (0x12B)
[0114/174306.378:ERROR:process_memory_win.cc(73)] ReadMemory at 0x1b748a3e750 of 60 bytes failed: Запрос ReadProcessMemory или WriteProcessMemory был выполнен только частично. (0x12B)
[0114/174306.378:ERROR:process_memory_win.cc(73)] ReadMemory at 0x1b748a414b0 of 80 bytes failed: Запрос ReadProcessMemory или WriteProcessMemory был выполнен только частично. (0x12B)
[0114/174306.378:ERROR:process_memory_win.cc(73)] ReadMemory at 0x1b748a41810 of 80 bytes failed: Запрос ReadProcessMemory или WriteProcessMemory был выполнен только частично. (0x12B)
[0114/174306.378:ERROR:process_memory_win.cc(73)] ReadMemory at 0x1b748a419f0 of 76 bytes failed: Запрос ReadProcessMemory или WriteProcessMemory был выполнен только частично. (0x12B)
[0114/174306.378:ERROR:process_memory_win.cc(73)] ReadMemory at 0x1b748a42d20 of 132 bytes failed: Запрос ReadProcessMemory или WriteProcessMemory был выполнен только частично. (0x12B)
[0114/174306.378:ERROR:process_memory_win.cc(73)] ReadMemory at 0x1b748a43420 of 132 bytes failed: Запрос ReadProcessMemory или WriteProcessMemory был выполнен только частично. (0x12B)
[0114/174306.378:ERROR:process_memory_win.cc(73)] ReadMemory at 0x1b748a44ac0 of 132 bytes failed: Запрос ReadProcessMemory или WriteProcessMemory был выполнен только частично. (0x12B)
[0114/174306.378:ERROR:process_memory_win.cc(73)] ReadMemory at 0x1b748a469e0 of 132 bytes failed: Запрос ReadProcessMemory или WriteProcessMemory был выполнен только частично. (0x12B)
[0114/174306.378:ERROR:process_memory_win.cc(73)] ReadMemory at 0x1b748a46bf0 of 132 bytes failed: Запрос ReadProcessMemory или WriteProcessMemory был выполнен только частично. (0x12B)
[0114/174306.378:ERROR:process_memory_win.cc(73)] ReadMemory at 0x1b748a46f10 of 132 bytes failed: Запрос ReadProcessMemory или WriteProcessMemory был выполнен только частично. (0x12B)
[0114/174306.378:ERROR:process_memory_win.cc(73)] ReadMemory at 0x1b748a47130 of 132 bytes failed: Запрос ReadProcessMemory или WriteProcessMemory был выполнен только частично. (0x12B)
[0114/174306.378:ERROR:process_memory_win.cc(73)] ReadMemory at 0x1b748a47490 of 132 bytes failed: Запрос ReadProcessMemory или WriteProcessMemory был выполнен только частично. (0x12B)
[0114/174306.378:ERROR:process_memory_win.cc(73)] ReadMemory at 0x1b748a476f0 of 132 bytes failed: Запрос ReadProcessMemory или WriteProcessMemory был выполнен только частично. (0x12B)
[0114/174306.378:ERROR:process_memory_win.cc(73)] ReadMemory at 0x1b748a47820 of 132 bytes failed: Запрос ReadProcessMemory или WriteProcessMemory был выполнен только частично. (0x12B)
[0114/174306.378:ERROR:process_memory_win.cc(73)] ReadMemory at 0x1b748a47950 of 132 bytes failed: Запрос ReadProcessMemory или WriteProcessMemory был выполнен только частично. (0x12B)
[0114/174306.378:ERROR:process_memory_win.cc(73)] ReadMemory at 0x1b748a47a80 of 132 bytes failed: Запрос ReadProcessMemory или WriteProcessMemory был выполнен только частично. (0x12B)
[0114/174306.378:ERROR:process_memory_win.cc(73)] ReadMemory at 0x1b748a47bb0 of 132 bytes failed: Запрос ReadProcessMemory или WriteProcessMemory был выполнен только частично. (0x12B)
[0114/174306.378:ERROR:process_memory_win.cc(73)] ReadMemory at 0x1b748a47ce0 of 132 bytes failed: Запрос ReadProcessMemory или WriteProcessMemory был выполнен только частично. (0x12B)
[0114/174306.378:ERROR:process_memory_win.cc(73)] ReadMemory at 0x1b748a47e10 of 132 bytes failed: Запрос ReadProcessMemory или WriteProcessMemory был выполнен только частично. (0x12B)
[0114/174306.378:ERROR:process_memory_win.cc(73)] ReadMemory at 0x1b748a47f40 of 132 bytes failed: Запрос ReadProcessMemory или WriteProcessMemory был выполнен только частично. (0x12B)
[0114/174306.378:ERROR:process_memory_win.cc(73)] ReadMemory at 0x1b748a481a0 of 132 bytes failed: Запрос ReadProcessMemory или WriteProcessMemory был выполнен только частично. (0x12B)
[0114/174306.378:ERROR:process_memory_win.cc(73)] ReadMemory at 0x1b748a482d0 of 132 bytes failed: Запрос ReadProcessMemory или WriteProcessMemory был выполнен только частично. (0x12B)
[0114/174306.378:ERROR:process_memory_win.cc(73)] ReadMemory at 0x1b748a48400 of 132 bytes failed: Запрос ReadProcessMemory или WriteProcessMemory был выполнен только частично. (0x12B)
[0114/174306.378:ERROR:process_memory_win.cc(73)] ReadMemory at 0x1b748a48530 of 132 bytes failed: Запрос ReadProcessMemory или WriteProcessMemory был выполнен только частично. (0x12B)
[0114/174306.378:ERROR:process_memory_win.cc(73)] ReadMemory at 0x1b748a4af70 of 132 bytes failed: Запрос ReadProcessMemory или WriteProcessMemory был выполнен только частично. (0x12B)
[0114/174306.378:ERROR:process_memory_win.cc(73)] ReadMemory at 0x1b748a4b0a0 of 132 bytes failed: Запрос ReadProcessMemory или WriteProcessMemory был выполнен только частично. (0x12B)
[0114/174306.378:ERROR:process_memory_win.cc(73)] ReadMemory at 0x1b748a4b1d0 of 146 bytes failed: Запрос ReadProcessMemory или WriteProcessMemory был выполнен только частично. (0x12B)
[0114/174306.378:ERROR:process_memory_win.cc(73)] ReadMemory at 0x1b748a4cd40 of 54 bytes failed: Запрос ReadProcessMemory или WriteProcessMemory был выполнен только частично. (0x12B)
[0114/174306.378:ERROR:process_memory_win.cc(73)] ReadMemory at 0x1b748a4ed20 of 60 bytes failed: Запрос ReadProcessMemory или WriteProcessMemory был выполнен только частично. (0x12B)
[0114/174306.378:ERROR:process_memory_win.cc(73)] ReadMemory at 0x1b748a4ed70 of 60 bytes failed: Запрос ReadProcessMemory или WriteProcessMemory был выполнен только частично. (0x12B)
[0114/174306.378:ERROR:process_memory_win.cc(73)] ReadMemory at 0x1b748a4edc0 of 64 bytes failed: Запрос ReadProcessMemory или WriteProcessMemory был выполнен только частично. (0x12B)
[0114/174306.378:ERROR:process_memory_win.cc(73)] ReadMemory at 0x1b748a4ee10 of 62 bytes failed: Запрос ReadProcessMemory или WriteProcessMemory был выполнен только частично. (0x12B)
[0114/174306.378:ERROR:process_memory_win.cc(73)] ReadMemory at 0x1b748a4ee60 of 62 bytes failed: Запрос ReadProcessMemory или WriteProcessMemory был выполнен только частично. (0x12B)
[0114/174306.378:ERROR:process_memory_win.cc(73)] ReadMemory at 0x1b748a4eeb0 of 62 bytes failed: Запрос ReadProcessMemory или WriteProcessMemory был выполнен только частично. (0x12B)
[0114/174306.378:ERROR:process_memory_win.cc(73)] ReadMemory at 0x1b748a4f090 of 62 bytes failed: Запрос ReadProcessMemory или WriteProcessMemory был выполнен только частично. (0x12B)
[0114/174306.378:ERROR:process_memory_win.cc(73)] ReadMemory at 0x1b748a4f1d0 of 62 bytes failed: Запрос ReadProcessMemory или WriteProcessMemory был выполнен только частично. (0x12B)
[0114/174306.378:ERROR:process_memory_win.cc(73)] ReadMemory at 0x1b748a4f270 of 64 bytes failed: Запрос ReadProcessMemory или WriteProcessMemory был выполнен только частично. (0x12B)
[0114/174306.378:ERROR:process_memory_win.cc(73)] ReadMemory at 0x1b748a4f2c0 of 58 bytes failed: Запрос ReadProcessMemory или WriteProcessMemory был выполнен только частично. (0x12B)
[0114/174306.378:ERROR:process_memory_win.cc(73)] ReadMemory at 0x1b748a4f310 of 62 bytes failed: Запрос ReadProcessMemory или WriteProcessMemory был выполнен только частично. (0x12B)
[0114/174306.378:ERROR:process_memory_win.cc(73)] ReadMemory at 0x1b748a4f400 of 60 bytes failed: Запрос ReadProcessMemory или WriteProcessMemory был выполнен только частично. (0x12B)
[0114/174306.378:ERROR:process_memory_win.cc(73)] ReadMemory at 0x1b748a4f5e0 of 62 bytes failed: Запрос ReadProcessMemory или WriteProcessMemory был выполнен только частично. (0x12B)
[0114/174306.378:ERROR:process_memory_win.cc(73)] ReadMemory at 0x1b748a4f680 of 62 bytes failed: Запрос ReadProcessMemory или WriteProcessMemory был выполнен только частично. (0x12B)
[0114/174306.378:ERROR:process_memory_win.cc(73)] ReadMemory at 0x1b748a4f6d0 of 66 bytes failed: Запрос ReadProcessMemory или WriteProcessMemory был выполнен только частично. (0x12B)
[0114/174306.378:ERROR:process_memory_win.cc(73)] ReadMemory at 0x1b748a4f720 of 66 bytes failed: Запрос ReadProcessMemory или WriteProcessMemory был выполнен только частично. (0x12B)
[0114/174306.378:ERROR:process_memory_win.cc(73)] ReadMemory at 0x1b748a4f770 of 60 bytes failed: Запрос ReadProcessMemory или WriteProcessMemory был выполнен только частично. (0x12B)
[0114/174306.378:ERROR:process_memory_win.cc(73)] ReadMemory at 0x1b748a4f810 of 64 bytes failed: Запрос ReadProcessMemory или WriteProcessMemory был выполнен только частично. (0x12B)
[0114/174306.378:ERROR:process_memory_win.cc(73)] ReadMemory at 0x1b748a4f8b0 of 62 bytes failed: Запрос ReadProcessMemory или WriteProcessMemory был выполнен только частично. (0x12B)
[0114/174306.378:ERROR:process_memory_win.cc(73)] ReadMemory at 0x1b748a4fae0 of 64 bytes failed: Запрос ReadProcessMemory или WriteProcessMemory был выполнен только частично. (0x12B)
[0114/174306.378:ERROR:process_memory_win.cc(73)] ReadMemory at 0x1b748a4fb80 of 60 bytes failed: Запрос ReadProcessMemory или WriteProcessMemory был выполнен только частично. (0x12B)
[0114/174306.378:ERROR:process_memory_win.cc(73)] ReadMemory at 0x1b748a4fbd0 of 64 bytes failed: Запрос ReadProcessMemory или WriteProcessMemory был выполнен только частично. (0x12B)
[0114/174306.378:ERROR:process_memory_win.cc(73)] ReadMemory at 0x1b748a4fc20 of 64 bytes failed: Запрос ReadProcessMemory или WriteProcessMemory был выполнен только частично. (0x12B)
[0114/174306.378:ERROR:process_memory_win.cc(73)] ReadMemory at 0x1b748a4fc70 of 64 bytes failed: Запрос ReadProcessMemory или WriteProcessMemory был выполнен только частично. (0x12B)
[0114/174306.378:ERROR:process_memory_win.cc(73)] ReadMemory at 0x1b748a50a60 of 132 bytes failed: Запрос ReadProcessMemory или WriteProcessMemory был выполнен только частично. (0x12B)
[0114/174306.378:ERROR:process_memory_win.cc(73)] ReadMemory at 0x1b748a513e0 of 132 bytes failed: Запрос ReadProcessMemory или WriteProcessMemory был выполнен только частично. (0x12B)
[0114/174306.378:ERROR:process_memory_win.cc(73)] ReadMemory at 0x1b748a51770 of 132 bytes failed: Запрос ReadProcessMemory или WriteProcessMemory был выполнен только частично. (0x12B)
[0114/174306.378:ERROR:process_memory_win.cc(73)] ReadMemory at 0x1b748a51c30 of 132 bytes failed: Запрос ReadProcessMemory или WriteProcessMemory был выполнен только частично. (0x12B)
[0114/174306.378:ERROR:process_memory_win.cc(73)] ReadMemory at 0x1b748a51e90 of 132 bytes failed: Запрос ReadProcessMemory или WriteProcessMemory был выполнен только частично. (0x12B)
[0114/174306.378:ERROR:process_memory_win.cc(73)] ReadMemory at 0x1b748a51fc0 of 132 bytes failed: Запрос ReadProcessMemory или WriteProcessMemory был выполнен только частично. (0x12B)
[0114/174306.378:ERROR:process_memory_win.cc(73)] ReadMemory at 0x1b748a52220 of 132 bytes failed: Запрос ReadProcessMemory или WriteProcessMemory был выполнен только частично. (0x12B)
[0114/174306.378:ERROR:process_memory_win.cc(73)] ReadMemory at 0x1b748a52350 of 132 bytes failed: Запрос ReadProcessMemory или WriteProcessMemory был выполнен только частично. (0x12B)
[0114/174306.378:ERROR:process_memory_win.cc(73)] ReadMemory at 0x1b748a52480 of 132 bytes failed: Запрос ReadProcessMemory или WriteProcessMemory был выполнен только частично. (0x12B)
[0114/174306.378:ERROR:process_memory_win.cc(73)] ReadMemory at 0x1b748a525b0 of 132 bytes failed: Запрос ReadProcessMemory или WriteProcessMemory был выполнен только частично. (0x12B)
[0114/174306.378:ERROR:process_memory_win.cc(73)] ReadMemory at 0x1b748a69050 of 512 bytes failed: Запрос ReadProcessMemory или WriteProcessMemory был выполнен только частично. (0x12B)
[0114/174306.378:ERROR:process_memory_win.cc(73)] ReadMemory at 0x1b748a9b8c0 of 512 bytes failed: Запрос ReadProcessMemory или WriteProcessMemory был выполнен только частично. (0x12B)
[0114/174306.378:ERROR:process_memory_win.cc(73)] ReadMemory at 0x1b748a9c9c0 of 512 bytes failed: Запрос ReadProcessMemory или WriteProcessMemory был выполнен только частично. (0x12B)
[0114/174306.378:ERROR:process_memory_win.cc(73)] ReadMemory at 0x1b748a9cc40 of 512 bytes failed: Запрос ReadProcessMemory или WriteProcessMemory был выполнен только частично. (0x12B)
[0114/174306.378:ERROR:process_memory_win.cc(73)] ReadMemory at 0x1b748ab4010 of 512 bytes failed: Запрос ReadProcessMemory или WriteProcessMemory был выполнен только частично. (0x12B)
[0114/174306.378:ERROR:process_memory_win.cc(73)] ReadMemory at 0x1b748abc300 of 512 bytes failed: Запрос ReadProcessMemory или WriteProcessMemory был выполнен только частично. (0x12B)
[0114/174306.378:ERROR:process_memory_win.cc(73)] ReadMemory at 0x1b748adbc60 of 512 bytes failed: Запрос ReadProcessMemory или WriteProcessMemory был выполнен только частично. (0x12B)
[0114/174306.386:ERROR:process_memory_win.cc(73)] ReadMemory at 0x1b748addf20 of 560 bytes failed: Запрос ReadProcessMemory или WriteProcessMemory был выполнен только частично. (0x12B)
[0114/174306.386:ERROR:process_memory_win.cc(73)] ReadMemory at 0x1b748aefc50 of 712 bytes failed: Запрос ReadProcessMemory или WriteProcessMemory был выполнен только частично. (0x12B)
[0114/174306.386:ERROR:process_memory_win.cc(73)] ReadMemory at 0x1b748b042d0 of 512 bytes failed: Запрос ReadProcessMemory или WriteProcessMemory был выполнен только частично. (0x12B)
[0114/174306.386:ERROR:process_memory_win.cc(73)] ReadMemory at 0x1b748b0a790 of 512 bytes failed: Запрос ReadProcessMemory или WriteProcessMemory был выполнен только частично. (0x12B)
[0114/174306.386:ERROR:process_memory_win.cc(73)] ReadMemory at 0x1b748b0ab60 of 512 bytes failed: Запрос ReadProcessMemory или WriteProcessMemory был выполнен только частично. (0x12B)
[0114/174306.386:ERROR:process_memory_win.cc(73)] ReadMemory at 0x1b748b1ba50 of 512 bytes failed: Запрос ReadProcessMemory или WriteProcessMemory был выполнен только частично. (0x12B)
[0114/174306.386:ERROR:process_memory_win.cc(73)] ReadMemory at 0x1b748b1bdd0 of 512 bytes failed: Запрос ReadProcessMemory или WriteProcessMemory был выполнен только частично. (0x12B)
[0114/174306.386:ERROR:process_memory_win.cc(73)] ReadMemory at 0x1b748b1c740 of 512 bytes failed: Запрос ReadProcessMemory или WriteProcessMemory был выполнен только частично. (0x12B)
[0114/174306.386:ERROR:process_memory_win.cc(73)] ReadMemory at 0x1b74a54f1b8 of 512 bytes failed: Запрос ReadProcessMemory или WriteProcessMemory был выполнен только частично. (0x12B)
[0114/174306.386:ERROR:process_memory_win.cc(73)] ReadMemory at 0x1b74a54ff38 of 512 bytes failed: Запрос ReadProcessMemory или WriteProcessMemory был выполнен только частично. (0x12B)
[0114/174306.386:ERROR:process_memory_win.cc(73)] ReadMemory at 0x1b74a550178 of 512 bytes failed: Запрос ReadProcessMemory или WriteProcessMemory был выполнен только частично. (0x12B)
[0114/174306.386:ERROR:process_memory_win.cc(73)] ReadMemory at 0x1b74a622af6 of 1196 bytes failed: Запрос ReadProcessMemory или WriteProcessMemory был выполнен только частично. (0x12B)
[0114/174306.386:ERROR:process_memory_win.cc(73)] ReadMemory at 0x1b74aa4d270 of 512 bytes failed: Запрос ReadProcessMemory или WriteProcessMemory был выполнен только частично. (0x12B)
[0114/174306.386:ERROR:process_memory_win.cc(73)] ReadMemory at 0x1b74ab3e7f0 of 512 bytes failed: Запрос ReadProcessMemory или WriteProcessMemory был выполнен только частично. (0x12B)
[0114/174306.386:ERROR:process_memory_win.cc(73)] ReadMemory at 0x67f10816dc30 of 512 bytes failed: Запрос ReadProcessMemory или WriteProcessMemory был выполнен только частично. (0x12B)
[0114/174306.386:ERROR:process_memory_win.cc(73)] ReadMemory at 0x67f1084de328 of 512 bytes failed: Запрос ReadProcessMemory или WriteProcessMemory был выполнен только частично. (0x12B)
[0114/174306.386:ERROR:process_memory_win.cc(73)] ReadMemory at 0x67f10937e9bd of 512 bytes failed: Запрос ReadProcessMemory или WriteProcessMemory был выполнен только частично. (0x12B)
[0114/174306.386:ERROR:process_memory_win.cc(73)] ReadMemory at 0x67f10a7299cc of 512 bytes failed: Запрос ReadProcessMemory или WriteProcessMemory был выполнен только частично. (0x12B)
[0114/174306.386:ERROR:scoped_process_suspend.cc(40)] NtResumeProcess: Попытка доступа к процессу, выполняющему процедуру завершения. (0xc000010a)
[0121/155529.100:ERROR:directory_reader_win.cc(43)] FindFirstFile: Системе не удается найти указанный путь. (0x3)
[0121/164942.083:ERROR:directory_reader_win.cc(43)] FindFirstFile: Системе не удается найти указанный путь. (0x3)
[0121/172630.224:ERROR:directory_reader_win.cc(43)] FindFirstFile: Системе не удается найти указанный путь. (0x3)
[0121/180750.718:ERROR:directory_reader_win.cc(43)] FindFirstFile: Системе не удается найти указанный путь. (0x3)
